#-----------------------------------------------------------
# Vivado v2024.2 (64-bit)
# SW Build 5239630 on Fri Nov 08 22:35:27 MST 2024
# IP Build 5239520 on Sun Nov 10 16:12:51 MST 2024
# SharedData Build 5239561 on Fri Nov 08 14:39:27 MST 2024
# Start of session at: Mon Jun  9 21:08:53 2025
# Process ID         : 27836
# Current directory  : C:/Users/Kat/vivado_projects/FPGA-Order-Book
# Command line       : vivado.exe -gui_launcher_event rodinguilauncherevent29816 C:\Users\Kat\vivado_projects\FPGA-Order-Book\HFT_OrderBook.xpr
# Log file           : C:/Users/Kat/vivado_projects/FPGA-Order-Book/vivado.log
# Journal file       : C:/Users/Kat/vivado_projects/FPGA-Order-Book\vivado.jou
# Running On         : DESKTOP-EAC0NPC
# Platform           : Windows Server 2016 or Windows 10
# Operating System   : 26100
# Processor Detail   : AMD Ryzen 5 6600U with Radeon Graphics         
# CPU Frequency      : 2894 MHz
# CPU Physical cores : 6
# CPU Logical cores  : 12
# Host memory        : 16442 MB
# Swap memory        : 19327 MB
# Total Virtual      : 35770 MB
# Available Virtual  : 14853 MB
#-----------------------------------------------------------
start_gui
open_project C:/Users/Kat/vivado_projects/FPGA-Order-Book/HFT_OrderBook.xpr
INFO: [filemgmt 56-3] Default IP Output Path : Could not find the directory 'C:/Users/Kat/vivado_projects/FPGA-Order-Book/HFT_OrderBook.gen/sources_1'.
Scanning sources...
Finished scanning sources
INFO: [IP_Flow 19-234] Refreshing IP repositories
INFO: [IP_Flow 19-1704] No user IP repositories specified
INFO: [IP_Flow 19-2313] Loaded Vivado IP repository 'D:/Xilinx/Vivado/2024.2/data/ip'.
open_project: Time (s): cpu = 00:00:20 ; elapsed = 00:00:09 . Memory (MB): peak = 1235.812 ; gain = 130.594
update_compile_order -fileset sources_1
exit
INFO: [Common 17-206] Exiting Vivado at Mon Jun  9 21:10:19 2025...
